Starting parsing process at: 1742476266
Input file: /home/jay/AGLoc_ws/install/area_graph_data_parser/share/area_graph_data_parser/data/fix_id/SIST1_F2_All_Sec.osm
----------------------------------------

Processing passages...
Successfully added passage 18446744073709403914 connecting areas -147620 and -147558
Successfully added passage 18446744073709403913 connecting areas -147569 and -147573
Successfully added passage 18446744073709403912 connecting areas -147656 and -147652
Successfully added passage 18446744073709403910 connecting areas -147685 and -147575
Successfully added passage 18446744073709403909 connecting areas -147539 and -147613
Successfully added passage 18446744073709403908 connecting areas -147620 and -147553
Successfully added passage 18446744073709403907 connecting areas -147550 and -147594
Successfully added passage 18446744073709403906 connecting areas -147621 and -147698
Successfully added passage 18446744073709403905 connecting areas -147497 and -147680
Successfully added passage 18446744073709403904 connecting areas -147550 and -147698
Successfully added passage 18446744073709403903 connecting areas -147569 and -147488
Successfully added passage 18446744073709403902 connecting areas -147581 and -147584
Successfully added passage 18446744073709403901 connecting areas -147550 and -147516
Successfully added passage 18446744073709403900 connecting areas -147701 and -147575
Successfully added passage 18446744073709403899 connecting areas -147683 and -147501
Successfully added passage 18446744073709403898 connecting areas -147545 and -147656
Successfully added passage 18446744073709403897 connecting areas -147620 and -147491
Successfully added passage 18446744073709403896 connecting areas -147539 and -147641
Successfully added passage 18446744073709403895 connecting areas -147539 and -147636
Successfully added passage 18446744073709403894 connecting areas -147620 and -147493
Successfully added passage 18446744073709403893 connecting areas -147581 and -147511
Successfully added passage 18446744073709403892 connecting areas -147573 and -147616
Successfully added passage 18446744073709403891 connecting areas -147635 and -147623
Successfully added passage 18446744073709403890 connecting areas -147545 and -147556
Successfully added passage 18446744073709403889 connecting areas -147644 and -147680
Successfully added passage 18446744073709403888 connecting areas -147581 and -147494
Successfully added passage 18446744073709403887 connecting areas -147581 and -147600
Successfully added passage 18446744073709403886 connecting areas -147620 and -147493
Successfully added passage 18446744073709403885 connecting areas -147573 and -147535
Successfully added passage 18446744073709403884 connecting areas -147500 and -147698
Successfully added passage 18446744073709403883 connecting areas -147569 and -147527
Successfully added passage 18446744073709403882 connecting areas -147539 and -147503
Successfully added passage 18446744073709403881 connecting areas -147647 and -147575
Successfully added passage 18446744073709403880 connecting areas -147620 and -147640
Successfully added passage 18446744073709403879 connecting areas -147569 and -147608
Successfully added passage 18446744073709403878 connecting areas -147581 and -147654
Successfully added passage 18446744073709403877 connecting areas -147539 and -147549
Successfully added passage 18446744073709403876 connecting areas -147635 and -147536
Successfully added passage 18446744073709403875 connecting areas -147539 and -147598
Successfully added passage 18446744073709403874 connecting areas -147539 and -147610
Successfully added passage 18446744073709403873 connecting areas -147495 and -147556
Successfully added passage 18446744073709403872 connecting areas -147539 and -147486
Successfully added passage 18446744073709403871 connecting areas -147539 and -147532
Successfully added passage 18446744073709403870 connecting areas -147620 and -147624
Successfully added passage 18446744073709403869 connecting areas -147573 and -147691
Successfully added passage 18446744073709403868 connecting areas -147656 and -147698
Successfully added passage 18446744073709403867 connecting areas -147581 and -147530
Successfully added passage 18446744073709403866 connecting areas -147539 and -147556
Successfully added passage 18446744073709403865 connecting areas -147548 and -147575
Successfully added passage 18446744073709403864 connecting areas -147671 and -147556
Successfully added passage 18446744073709403863 connecting areas -147539 and -147629
Successfully added passage 18446744073709403862 connecting areas -147620 and -147553
Successfully added passage 18446744073709403861 connecting areas -147539 and -147680
Successfully added passage 18446744073709403860 connecting areas -147550 and -147698
Successfully added passage 18446744073709403859 connecting areas -147539 and -147674
Successfully added passage 18446744073709403858 connecting areas -147620 and -147655
Successfully added passage 18446744073709403857 connecting areas -147581 and -147692
Successfully added passage 18446744073709403856 connecting areas -147562 and -147575
Successfully added passage 18446744073709403855 connecting areas -147620 and -147660
Successfully added passage 18446744073709403854 connecting areas -147547 and -147698
Successfully added passage 18446744073709403853 connecting areas -147592 and -147556
Successfully added passage 18446744073709403852 connecting areas -147620 and -147624
Successfully added passage 18446744073709403851 connecting areas -147581 and -147615
Successfully added passage 18446744073709403850 connecting areas -147573 and -147603
Successfully added passage 18446744073709403849 connecting areas -147539 and -147693
Successfully added passage 18446744073709403848 connecting areas -147635 and -147664
Successfully added passage 18446744073709403847 connecting areas -147539 and -147619
Successfully added passage 18446744073709403846 connecting areas -147581 and -147623
Successfully added passage 18446744073709403845 connecting areas -147620 and -147697
Successfully added passage 18446744073709403844 connecting areas -147656 and -147688
Successfully added passage 18446744073709403843 connecting areas -147620 and -147522
Successfully added passage 18446744073709403842 connecting areas -147550 and -147595
Successfully added passage 18446744073709403841 connecting areas -147517 and -147575
Successfully added passage 18446744073709403840 connecting areas -147620 and -147640
Successfully added passage 18446744073709403839 connecting areas -147550 and -147528
Successfully added passage 18446744073709403838 connecting areas -147662 and -147669
Successfully added passage 18446744073709403837 connecting areas -147539 and -147628
Successfully added passage 18446744073709403836 connecting areas -147539 and -147667
Successfully added passage 18446744073709403835 connecting areas -147620 and -147509
Successfully added passage 18446744073709403834 connecting areas -147581 and -147673
Successfully added passage 18446744073709403833 connecting areas -147650 and -147575
Successfully added passage 18446744073709403832 connecting areas -147662 and -147501
Successfully added passage 18446744073709403831 connecting areas -147550 and -147631
Successfully added passage 18446744073709403830 connecting areas -147539 and -147613
Successfully added passage 18446744073709403829 connecting areas -147539 and -147667
Successfully added passage 18446744073709403828 connecting areas -147620 and -147573
Successfully added passage 18446744073709403827 connecting areas -147620 and -147697
Successfully added passage 18446744073709403826 connecting areas -147656 and -147669
Successfully added passage 18446744073709403825 connecting areas -147539 and -147699
Successfully added passage 18446744073709403824 connecting areas -147635 and -147620
Successfully added passage 18446744073709403823 connecting areas -147621 and -147662
Successfully added passage 18446744073709403822 connecting areas -147544 and -147556
Successfully added passage 18446744073709403821 connecting areas -147581 and -147575
Successfully added passage 18446744073709403820 connecting areas -147620 and -147677
Successfully added passage 18446744073709403819 connecting areas -147573 and -147588
Successfully added passage 18446744073709403818 connecting areas -147500 and -147698
Successfully added passage 18446744073709403817 connecting areas -147620 and -147569
Successfully added passage 18446744073709403816 connecting areas -147581 and -147664
Successfully added passage 18446744073709403815 connecting areas -147539 and -147526
Successfully added passage 18446744073709403814 connecting areas -147609 and -147575
Successfully added passage 18446744073709403813 connecting areas -147539 and -147589
Successfully added passage 18446744073709403812 connecting areas -147559 and -147698
Successfully added passage 18446744073709403811 connecting areas -147539 and -147626
Successfully added passage 18446744073709403810 connecting areas -147539 and -147556
Successfully added passage 18446744073709403809 connecting areas -147569 and -147560
Successfully added passage 18446744073709403808 connecting areas -147581 and -147568
Successfully added passage 18446744073709403807 connecting areas -147656 and -147600
Successfully added passage 18446744073709403806 connecting areas -147683 and -147662
Successfully added passage 18446744073709403805 connecting areas -147612 and -147680
Successfully added passage 18446744073709403804 connecting areas -147550 and -147561
Successfully added passage 18446744073709403803 connecting areas -147539 and -147645
Successfully added passage 18446744073709403802 connecting areas -147581 and -147597
Successfully added passage 18446744073709403801 connecting areas -147617 and -147662
Successfully added passage 18446744073709403800 connecting areas -147617 and -147662
Successfully added passage 18446744073709403799 connecting areas -147680 and -147698
Successfully added passage 18446744073709403798 connecting areas -147556 and -147656

========== Parsing Statistics ==========
Total ways processed: 220
Total areas created: 104
Total passages processed: 116

Areas by level:
  Level 2: 104

Parsing process completed at: 1742476266
